==764== Memcheck, a memory error detector
==764== Copyright (C) 2002-2012, and GNU GPL'd, by Julian Seward et al.
==764== Using Valgrind-3.8.1 and LibVEX; rerun with -h for copyright info
==764== Command: airodump-ng -g wlan0mon
==764== Parent PID: 531
==764== 
==783== Invalid read of size 1
==783==    at 0x4059A2: json_get_value_for_name.part.0 (airodump-ng.c:4884)
==783==    by 0x411FB3: gps_tracker (airodump-ng.c:5007)
==783==    by 0x4056E2: main (airodump-ng.c:6938)
==783==  Address 0xfffffffffeffcdb8 is not stack'd, malloc'd or (recently) free'd
==783== 
==783== 
==783== HEAP SUMMARY:
==783==     in use at exit: 3,124,607 bytes in 20,636 blocks
==783==   total heap usage: 41,198 allocs, 20,562 frees, 3,631,963 bytes allocated
==783== 
==783== 8 bytes in 1 blocks are still reachable in loss record 1 of 14
==783==    at 0x4C2A29B: malloc (vg_replace_malloc.c:270)
==783==    by 0x40596A: json_get_value_for_name.part.0 (airodump-ng.c:4879)
==783==    by 0x411FB3: gps_tracker (airodump-ng.c:5007)
==783==    by 0x4056E2: main (airodump-ng.c:6938)
==783== 
==783== 40 bytes in 1 blocks are still reachable in loss record 2 of 14
==783==    at 0x4C280D4: calloc (vg_replace_malloc.c:593)
==783==    by 0x5042727: nl_cache_alloc (in /lib/x86_64-linux-gnu/libnl-3.so.200.5.2)
==783==    by 0x5042D6D: nl_cache_alloc_and_fill (in /lib/x86_64-linux-gnu/libnl-3.so.200.5.2)
==783==    by 0x41D787: wi_open_osdep (linux.c:332)
==783==    by 0x418BAF: wi_open (osdep.c:163)
==783==    by 0x4137E1: init_cards (airodump-ng.c:5791)
==783==    by 0x40412F: main (airodump-ng.c:6738)
==783== 
==783== 56 bytes in 1 blocks are still reachable in loss record 3 of 14
==783==    at 0x4C280D4: calloc (vg_replace_malloc.c:593)
==783==    by 0x5047FE7: ??? (in /lib/x86_64-linux-gnu/libnl-3.so.200.5.2)
==783==    by 0x41D756: wi_open_osdep (linux.c:319)
==783==    by 0x418BAF: wi_open (osdep.c:163)
==783==    by 0x4137E1: init_cards (airodump-ng.c:5791)
==783==    by 0x40412F: main (airodump-ng.c:6738)
==783== 
==783== 120 bytes in 1 blocks are still reachable in loss record 4 of 14
==783==    at 0x4C280D4: calloc (vg_replace_malloc.c:593)
==783==    by 0x504785C: nl_object_alloc (in /lib/x86_64-linux-gnu/libnl-3.so.200.5.2)
==783==    by 0x4E340E6: ??? (in /lib/x86_64-linux-gnu/libnl-genl-3.so.200.5.2)
==783==    by 0x4E35061: ??? (in /lib/x86_64-linux-gnu/libnl-genl-3.so.200.5.2)
==783==    by 0x5042C10: nl_cache_parse (in /lib/x86_64-linux-gnu/libnl-3.so.200.5.2)
==783==    by 0x5047351: nl_recvmsgs (in /lib/x86_64-linux-gnu/libnl-3.so.200.5.2)
==783==    by 0x5042514: ??? (in /lib/x86_64-linux-gnu/libnl-3.so.200.5.2)
==783==    by 0x5042B9B: nl_cache_pickup (in /lib/x86_64-linux-gnu/libnl-3.so.200.5.2)
==783==    by 0x5042D01: nl_cache_refill (in /lib/x86_64-linux-gnu/libnl-3.so.200.5.2)
==783==    by 0x5042D85: nl_cache_alloc_and_fill (in /lib/x86_64-linux-gnu/libnl-3.so.200.5.2)
==783==    by 0x41D787: wi_open_osdep (linux.c:332)
==783==    by 0x418BAF: wi_open (osdep.c:163)
==783== 
==783== 152 bytes in 1 blocks are still reachable in loss record 5 of 14
==783==    at 0x4C2A29B: malloc (vg_replace_malloc.c:270)
==783==    by 0x4189CC: wi_alloc (osdep.c:101)
==783==    by 0x41D730: wi_open_osdep (linux.c:2172)
==783==    by 0x418BAF: wi_open (osdep.c:163)
==783==    by 0x4137E1: init_cards (airodump-ng.c:5791)
==783==    by 0x40412F: main (airodump-ng.c:6738)
==783== 
==783== 152 bytes in 1 blocks are still reachable in loss record 6 of 14
==783==    at 0x4C2A29B: malloc (vg_replace_malloc.c:270)
==783==    by 0x4068C9: load_oui_file (airodump-ng.c:442)
==783==    by 0x404F8F: main (airodump-ng.c:6926)
==783== 
==783== 192 bytes in 1 blocks are still reachable in loss record 7 of 14
==783==    at 0x4C2A29B: malloc (vg_replace_malloc.c:270)
==783==    by 0x4189AF: wi_alloc (osdep.c:96)
==783==    by 0x41D730: wi_open_osdep (linux.c:2172)
==783==    by 0x418BAF: wi_open (osdep.c:163)
==783==    by 0x4137E1: init_cards (airodump-ng.c:5791)
==783==    by 0x40412F: main (airodump-ng.c:6738)
==783== 
==783== 224 bytes in 1 blocks are still reachable in loss record 8 of 14
==783==    at 0x4C280D4: calloc (vg_replace_malloc.c:593)
==783==    by 0x5044B5A: nl_cb_alloc (in /lib/x86_64-linux-gnu/libnl-3.so.200.5.2)
==783==    by 0x50480BE: nl_socket_alloc (in /lib/x86_64-linux-gnu/libnl-3.so.200.5.2)
==783==    by 0x41D756: wi_open_osdep (linux.c:319)
==783==    by 0x418BAF: wi_open (osdep.c:163)
==783==    by 0x4137E1: init_cards (airodump-ng.c:5791)
==783==    by 0x40412F: main (airodump-ng.c:6738)
==783== 
==783== 263 bytes in 1 blocks are definitely lost in loss record 9 of 14
==783==    at 0x4C280D4: calloc (vg_replace_malloc.c:593)
==783==    by 0x41A186: searchInside (linux.c:215)
==783==    by 0x41C36E: do_linux_open (linux.c:272)
==783==    by 0x41D852: wi_open_osdep (linux.c:2201)
==783==    by 0x418BAF: wi_open (osdep.c:163)
==783==    by 0x4137E1: init_cards (airodump-ng.c:5791)
==783==    by 0x40412F: main (airodump-ng.c:6738)
==783== 
==783== 432 bytes in 9 blocks are possibly lost in loss record 10 of 14
==783==    at 0x4C280D4: calloc (vg_replace_malloc.c:593)
==783==    by 0x4E34B1F: genl_family_add_grp (in /lib/x86_64-linux-gnu/libnl-genl-3.so.200.5.2)
==783==    by 0x4E342B9: ??? (in /lib/x86_64-linux-gnu/libnl-genl-3.so.200.5.2)
==783==    by 0x4E35061: ??? (in /lib/x86_64-linux-gnu/libnl-genl-3.so.200.5.2)
==783==    by 0x5042C10: nl_cache_parse (in /lib/x86_64-linux-gnu/libnl-3.so.200.5.2)
==783==    by 0x5047351: nl_recvmsgs (in /lib/x86_64-linux-gnu/libnl-3.so.200.5.2)
==783==    by 0x5042514: ??? (in /lib/x86_64-linux-gnu/libnl-3.so.200.5.2)
==783==    by 0x5042B9B: nl_cache_pickup (in /lib/x86_64-linux-gnu/libnl-3.so.200.5.2)
==783==    by 0x5042D01: nl_cache_refill (in /lib/x86_64-linux-gnu/libnl-3.so.200.5.2)
==783==    by 0x5042D85: nl_cache_alloc_and_fill (in /lib/x86_64-linux-gnu/libnl-3.so.200.5.2)
==783==    by 0x41D787: wi_open_osdep (linux.c:332)
==783==    by 0x418BAF: wi_open (osdep.c:163)
==783== 
==783== 512 bytes in 1 blocks are still reachable in loss record 11 of 14
==783==    at 0x4C2A29B: malloc (vg_replace_malloc.c:270)
==783==    by 0x403771: main (airodump-ng.c:6234)
==783== 
==783== 720 bytes in 6 blocks are possibly lost in loss record 12 of 14
==783==    at 0x4C280D4: calloc (vg_replace_malloc.c:593)
==783==    by 0x504785C: nl_object_alloc (in /lib/x86_64-linux-gnu/libnl-3.so.200.5.2)
==783==    by 0x4E340E6: ??? (in /lib/x86_64-linux-gnu/libnl-genl-3.so.200.5.2)
==783==    by 0x4E35061: ??? (in /lib/x86_64-linux-gnu/libnl-genl-3.so.200.5.2)
==783==    by 0x5042C10: nl_cache_parse (in /lib/x86_64-linux-gnu/libnl-3.so.200.5.2)
==783==    by 0x5047351: nl_recvmsgs (in /lib/x86_64-linux-gnu/libnl-3.so.200.5.2)
==783==    by 0x5042514: ??? (in /lib/x86_64-linux-gnu/libnl-3.so.200.5.2)
==783==    by 0x5042B9B: nl_cache_pickup (in /lib/x86_64-linux-gnu/libnl-3.so.200.5.2)
==783==    by 0x5042D01: nl_cache_refill (in /lib/x86_64-linux-gnu/libnl-3.so.200.5.2)
==783==    by 0x5042D85: nl_cache_alloc_and_fill (in /lib/x86_64-linux-gnu/libnl-3.so.200.5.2)
==783==    by 0x41D787: wi_open_osdep (linux.c:332)
==783==    by 0x418BAF: wi_open (osdep.c:163)
==783== 
==783== 2,088 bytes in 87 blocks are possibly lost in loss record 13 of 14
==783==    at 0x4C280D4: calloc (vg_replace_malloc.c:593)
==783==    by 0x4E34AA9: genl_family_add_op (in /lib/x86_64-linux-gnu/libnl-genl-3.so.200.5.2)
==783==    by 0x4E3421A: ??? (in /lib/x86_64-linux-gnu/libnl-genl-3.so.200.5.2)
==783==    by 0x4E35061: ??? (in /lib/x86_64-linux-gnu/libnl-genl-3.so.200.5.2)
==783==    by 0x5042C10: nl_cache_parse (in /lib/x86_64-linux-gnu/libnl-3.so.200.5.2)
==783==    by 0x5047351: nl_recvmsgs (in /lib/x86_64-linux-gnu/libnl-3.so.200.5.2)
==783==    by 0x5042514: ??? (in /lib/x86_64-linux-gnu/libnl-3.so.200.5.2)
==783==    by 0x5042B9B: nl_cache_pickup (in /lib/x86_64-linux-gnu/libnl-3.so.200.5.2)
==783==    by 0x5042D01: nl_cache_refill (in /lib/x86_64-linux-gnu/libnl-3.so.200.5.2)
==783==    by 0x5042D85: nl_cache_alloc_and_fill (in /lib/x86_64-linux-gnu/libnl-3.so.200.5.2)
==783==    by 0x41D787: wi_open_osdep (linux.c:332)
==783==    by 0x418BAF: wi_open (osdep.c:163)
==783== 
==783== 3,119,648 bytes in 20,524 blocks are still reachable in loss record 14 of 14
==783==    at 0x4C2A29B: malloc (vg_replace_malloc.c:270)
==783==    by 0x40677B: load_oui_file (airodump-ng.c:448)
==783==    by 0x404F8F: main (airodump-ng.c:6926)
==783== 
==783== LEAK SUMMARY:
==783==    definitely lost: 263 bytes in 1 blocks
==783==    indirectly lost: 0 bytes in 0 blocks
==783==      possibly lost: 3,240 bytes in 102 blocks
==783==    still reachable: 3,121,104 bytes in 20,533 blocks
==783==         suppressed: 0 bytes in 0 blocks
==783== 
==783== For counts of detected and suppressed errors, rerun with: -v
==783== ERROR SUMMARY: 5 errors from 5 contexts (suppressed: 4 from 4)
==774== 
==774== HEAP SUMMARY:
==774==     in use at exit: 9,230 bytes in 113 blocks
==774==   total heap usage: 293 allocs, 180 frees, 148,475 bytes allocated
==774== 
==774== 40 bytes in 1 blocks are still reachable in loss record 1 of 14
==774==    at 0x4C280D4: calloc (vg_replace_malloc.c:593)
==774==    by 0x5042727: nl_cache_alloc (in /lib/x86_64-linux-gnu/libnl-3.so.200.5.2)
==774==    by 0x5042D6D: nl_cache_alloc_and_fill (in /lib/x86_64-linux-gnu/libnl-3.so.200.5.2)
==774==    by 0x41D787: wi_open_osdep (linux.c:332)
==774==    by 0x418BAF: wi_open (osdep.c:163)
==774==    by 0x404232: main (airodump-ng.c:6837)
==774== 
==774== 56 bytes in 1 blocks are still reachable in loss record 2 of 14
==774==    at 0x4C280D4: calloc (vg_replace_malloc.c:593)
==774==    by 0x5047FE7: ??? (in /lib/x86_64-linux-gnu/libnl-3.so.200.5.2)
==774==    by 0x41D756: wi_open_osdep (linux.c:319)
==774==    by 0x418BAF: wi_open (osdep.c:163)
==774==    by 0x404232: main (airodump-ng.c:6837)
==774== 
==774== 72 bytes in 1 blocks are still reachable in loss record 3 of 14
==774==    at 0x4C280D4: calloc (vg_replace_malloc.c:593)
==774==    by 0x50452E1: ??? (in /lib/x86_64-linux-gnu/libnl-3.so.200.5.2)
==774==    by 0x41B17F: linux_set_channel_nl80211 (linux.c:1020)
==774==    by 0x41289A: channel_hopper (airodump-ng.c:5375)
==774==    by 0x4054F3: main (airodump-ng.c:6849)
==774== 
==774== 120 bytes in 1 blocks are still reachable in loss record 4 of 14
==774==    at 0x4C280D4: calloc (vg_replace_malloc.c:593)
==774==    by 0x504785C: nl_object_alloc (in /lib/x86_64-linux-gnu/libnl-3.so.200.5.2)
==774==    by 0x4E340E6: ??? (in /lib/x86_64-linux-gnu/libnl-genl-3.so.200.5.2)
==774==    by 0x4E35061: ??? (in /lib/x86_64-linux-gnu/libnl-genl-3.so.200.5.2)
==774==    by 0x5042C10: nl_cache_parse (in /lib/x86_64-linux-gnu/libnl-3.so.200.5.2)
==774==    by 0x5047351: nl_recvmsgs (in /lib/x86_64-linux-gnu/libnl-3.so.200.5.2)
==774==    by 0x5042514: ??? (in /lib/x86_64-linux-gnu/libnl-3.so.200.5.2)
==774==    by 0x5042B9B: nl_cache_pickup (in /lib/x86_64-linux-gnu/libnl-3.so.200.5.2)
==774==    by 0x5042D01: nl_cache_refill (in /lib/x86_64-linux-gnu/libnl-3.so.200.5.2)
==774==    by 0x5042D85: nl_cache_alloc_and_fill (in /lib/x86_64-linux-gnu/libnl-3.so.200.5.2)
==774==    by 0x41D787: wi_open_osdep (linux.c:332)
==774==    by 0x418BAF: wi_open (osdep.c:163)
==774== 
==774== 152 bytes in 1 blocks are still reachable in loss record 5 of 14
==774==    at 0x4C2A29B: malloc (vg_replace_malloc.c:270)
==774==    by 0x4189CC: wi_alloc (osdep.c:101)
==774==    by 0x41D730: wi_open_osdep (linux.c:2172)
==774==    by 0x418BAF: wi_open (osdep.c:163)
==774==    by 0x404232: main (airodump-ng.c:6837)
==774== 
==774== 192 bytes in 1 blocks are still reachable in loss record 6 of 14
==774==    at 0x4C2A29B: malloc (vg_replace_malloc.c:270)
==774==    by 0x4189AF: wi_alloc (osdep.c:96)
==774==    by 0x41D730: wi_open_osdep (linux.c:2172)
==774==    by 0x418BAF: wi_open (osdep.c:163)
==774==    by 0x404232: main (airodump-ng.c:6837)
==774== 
==774== 224 bytes in 1 blocks are still reachable in loss record 7 of 14
==774==    at 0x4C280D4: calloc (vg_replace_malloc.c:593)
==774==    by 0x5044B5A: nl_cb_alloc (in /lib/x86_64-linux-gnu/libnl-3.so.200.5.2)
==774==    by 0x50480BE: nl_socket_alloc (in /lib/x86_64-linux-gnu/libnl-3.so.200.5.2)
==774==    by 0x41D756: wi_open_osdep (linux.c:319)
==774==    by 0x418BAF: wi_open (osdep.c:163)
==774==    by 0x404232: main (airodump-ng.c:6837)
==774== 
==774== 263 bytes in 1 blocks are definitely lost in loss record 8 of 14
==774==    at 0x4C280D4: calloc (vg_replace_malloc.c:593)
==774==    by 0x41A186: searchInside (linux.c:215)
==774==    by 0x41C36E: do_linux_open (linux.c:272)
==774==    by 0x41D852: wi_open_osdep (linux.c:2201)
==774==    by 0x418BAF: wi_open (osdep.c:163)
==774==    by 0x4137E1: init_cards (airodump-ng.c:5791)
==774==    by 0x40412F: main (airodump-ng.c:6738)
==774== 
==774== 263 bytes in 1 blocks are definitely lost in loss record 9 of 14
==774==    at 0x4C280D4: calloc (vg_replace_malloc.c:593)
==774==    by 0x41A186: searchInside (linux.c:215)
==774==    by 0x41C36E: do_linux_open (linux.c:272)
==774==    by 0x41D852: wi_open_osdep (linux.c:2201)
==774==    by 0x418BAF: wi_open (osdep.c:163)
==774==    by 0x404232: main (airodump-ng.c:6837)
==774== 
==774== 432 bytes in 9 blocks are possibly lost in loss record 10 of 14
==774==    at 0x4C280D4: calloc (vg_replace_malloc.c:593)
==774==    by 0x4E34B1F: genl_family_add_grp (in /lib/x86_64-linux-gnu/libnl-genl-3.so.200.5.2)
==774==    by 0x4E342B9: ??? (in /lib/x86_64-linux-gnu/libnl-genl-3.so.200.5.2)
==774==    by 0x4E35061: ??? (in /lib/x86_64-linux-gnu/libnl-genl-3.so.200.5.2)
==774==    by 0x5042C10: nl_cache_parse (in /lib/x86_64-linux-gnu/libnl-3.so.200.5.2)
==774==    by 0x5047351: nl_recvmsgs (in /lib/x86_64-linux-gnu/libnl-3.so.200.5.2)
==774==    by 0x5042514: ??? (in /lib/x86_64-linux-gnu/libnl-3.so.200.5.2)
==774==    by 0x5042B9B: nl_cache_pickup (in /lib/x86_64-linux-gnu/libnl-3.so.200.5.2)
==774==    by 0x5042D01: nl_cache_refill (in /lib/x86_64-linux-gnu/libnl-3.so.200.5.2)
==774==    by 0x5042D85: nl_cache_alloc_and_fill (in /lib/x86_64-linux-gnu/libnl-3.so.200.5.2)
==774==    by 0x41D787: wi_open_osdep (linux.c:332)
==774==    by 0x418BAF: wi_open (osdep.c:163)
==774== 
==774== 512 bytes in 1 blocks are still reachable in loss record 11 of 14
==774==    at 0x4C2A29B: malloc (vg_replace_malloc.c:270)
==774==    by 0x403771: main (airodump-ng.c:6234)
==774== 
==774== 720 bytes in 6 blocks are possibly lost in loss record 12 of 14
==774==    at 0x4C280D4: calloc (vg_replace_malloc.c:593)
==774==    by 0x504785C: nl_object_alloc (in /lib/x86_64-linux-gnu/libnl-3.so.200.5.2)
==774==    by 0x4E340E6: ??? (in /lib/x86_64-linux-gnu/libnl-genl-3.so.200.5.2)
==774==    by 0x4E35061: ??? (in /lib/x86_64-linux-gnu/libnl-genl-3.so.200.5.2)
==774==    by 0x5042C10: nl_cache_parse (in /lib/x86_64-linux-gnu/libnl-3.so.200.5.2)
==774==    by 0x5047351: nl_recvmsgs (in /lib/x86_64-linux-gnu/libnl-3.so.200.5.2)
==774==    by 0x5042514: ??? (in /lib/x86_64-linux-gnu/libnl-3.so.200.5.2)
==774==    by 0x5042B9B: nl_cache_pickup (in /lib/x86_64-linux-gnu/libnl-3.so.200.5.2)
==774==    by 0x5042D01: nl_cache_refill (in /lib/x86_64-linux-gnu/libnl-3.so.200.5.2)
==774==    by 0x5042D85: nl_cache_alloc_and_fill (in /lib/x86_64-linux-gnu/libnl-3.so.200.5.2)
==774==    by 0x41D787: wi_open_osdep (linux.c:332)
==774==    by 0x418BAF: wi_open (osdep.c:163)
==774== 
==774== 2,088 bytes in 87 blocks are possibly lost in loss record 13 of 14
==774==    at 0x4C280D4: calloc (vg_replace_malloc.c:593)
==774==    by 0x4E34AA9: genl_family_add_op (in /lib/x86_64-linux-gnu/libnl-genl-3.so.200.5.2)
==774==    by 0x4E3421A: ??? (in /lib/x86_64-linux-gnu/libnl-genl-3.so.200.5.2)
==774==    by 0x4E35061: ??? (in /lib/x86_64-linux-gnu/libnl-genl-3.so.200.5.2)
==774==    by 0x5042C10: nl_cache_parse (in /lib/x86_64-linux-gnu/libnl-3.so.200.5.2)
==774==    by 0x5047351: nl_recvmsgs (in /lib/x86_64-linux-gnu/libnl-3.so.200.5.2)
==774==    by 0x5042514: ??? (in /lib/x86_64-linux-gnu/libnl-3.so.200.5.2)
==774==    by 0x5042B9B: nl_cache_pickup (in /lib/x86_64-linux-gnu/libnl-3.so.200.5.2)
==774==    by 0x5042D01: nl_cache_refill (in /lib/x86_64-linux-gnu/libnl-3.so.200.5.2)
==774==    by 0x5042D85: nl_cache_alloc_and_fill (in /lib/x86_64-linux-gnu/libnl-3.so.200.5.2)
==774==    by 0x41D787: wi_open_osdep (linux.c:332)
==774==    by 0x418BAF: wi_open (osdep.c:163)
==774== 
==774== 4,096 bytes in 1 blocks are still reachable in loss record 14 of 14
==774==    at 0x4C280D4: calloc (vg_replace_malloc.c:593)
==774==    by 0x5045301: ??? (in /lib/x86_64-linux-gnu/libnl-3.so.200.5.2)
==774==    by 0x41B17F: linux_set_channel_nl80211 (linux.c:1020)
==774==    by 0x41289A: channel_hopper (airodump-ng.c:5375)
==774==    by 0x4054F3: main (airodump-ng.c:6849)
==774== 
==774== LEAK SUMMARY:
==774==    definitely lost: 526 bytes in 2 blocks
==774==    indirectly lost: 0 bytes in 0 blocks
==774==      possibly lost: 3,240 bytes in 102 blocks
==774==    still reachable: 5,464 bytes in 9 blocks
==774==         suppressed: 0 bytes in 0 blocks
==774== 
==774== For counts of detected and suppressed errors, rerun with: -v
==774== ERROR SUMMARY: 5 errors from 5 contexts (suppressed: 4 from 4)
==764== 
==764== HEAP SUMMARY:
==764==     in use at exit: 560 bytes in 3 blocks
==764==   total heap usage: 41,289 allocs, 41,286 frees, 3,676,436 bytes allocated
==764== 
==764== 25 bytes in 1 blocks are still reachable in loss record 1 of 3
==764==    at 0x4C2A4AE: realloc (vg_replace_malloc.c:662)
==764==    by 0x4044DF: main (airodump-ng.c:6964)
==764== 
==764== 263 bytes in 1 blocks are definitely lost in loss record 2 of 3
==764==    at 0x4C280D4: calloc (vg_replace_malloc.c:593)
==764==    by 0x41A186: searchInside (linux.c:215)
==764==    by 0x41C36E: do_linux_open (linux.c:272)
==764==    by 0x41D852: wi_open_osdep (linux.c:2201)
==764==    by 0x418BAF: wi_open (osdep.c:163)
==764==    by 0x4137E1: init_cards (airodump-ng.c:5791)
==764==    by 0x40412F: main (airodump-ng.c:6738)
==764== 
==764== 272 bytes in 1 blocks are possibly lost in loss record 3 of 3
==764==    at 0x4C280D4: calloc (vg_replace_malloc.c:593)
==764==    by 0x401128E: _dl_allocate_tls (dl-tls.c:297)
==764==    by 0x58B14ED: pthread_create@@GLIBC_2.2.5 (allocatestack.c:585)
==764==    by 0x4044F9: main (airodump-ng.c:6966)
==764== 
==764== LEAK SUMMARY:
==764==    definitely lost: 263 bytes in 1 blocks
==764==    indirectly lost: 0 bytes in 0 blocks
==764==      possibly lost: 272 bytes in 1 blocks
==764==    still reachable: 25 bytes in 1 blocks
==764==         suppressed: 0 bytes in 0 blocks
==764== 
==764== For counts of detected and suppressed errors, rerun with: -v
==764== ERROR SUMMARY: 2 errors from 2 contexts (suppressed: 4 from 4)
